app/build/intermediates/manifest_merge_blame_file/debug/manifest-merger-blame-debug-report.txt
1<?xml version="1.0" encoding="utf-8"?>
2<manifest xmlns:android="http://schemas.android.com/apk/res/android"
3    package="com.example.widgethomescreen"
4    android:versionCode="1"
5    android:versionName="1.0" >
6
7    <uses-sdk
8        android:minSdkVersion="15"
8-->src\main\AndroidManifest.xml
9        android:targetSdkVersion="29" />
9-->src\main\AndroidManifest.xml
10
11    <application
11-->src\main\AndroidManifest.xml:5:5-33:19
12        android:allowBackup="true"
12-->src\main\AndroidManifest.xml:6:9-35
13        android:appComponentFactory="androidx.core.app.CoreComponentFactory"
13-->[androidx.core:core:1.1.0] AndroidManifest.xml:24:18-86
14        android:debuggable="true"
15        android:icon="@mipmap/ic_launcher"
15-->src\main\AndroidManifest.xml:7:9-43
16        android:label="@string/app_name"
16-->src\main\AndroidManifest.xml:8:9-41
17        android:roundIcon="@mipmap/ic_launcher_round"
17-->src\main\AndroidManifest.xml:9:9-54
18        android:supportsRtl="true"
18-->src\main\AndroidManifest.xml:10:9-35
19        android:testOnly="true"
20        android:theme="@style/AppTheme" >
20-->src\main\AndroidManifest.xml:11:9-40
21        <activity android:name="com.example.widgethomescreen.MainActivity" >
21-->src\main\AndroidManifest.xml:12:9-18:20
21-->src\main\AndroidManifest.xml:12:19-47
22            <intent-filter>
22-->src\main\AndroidManifest.xml:13:13-17:29
23                <action android:name="android.intent.action.MAIN" />
23-->src\main\AndroidManifest.xml:14:17-69
23-->src\main\AndroidManifest.xml:14:25-66
24
25                <category android:name="android.intent.category.LAUNCHER" />
25-->src\main\AndroidManifest.xml:16:17-77
25-->src\main\AndroidManifest.xml:16:27-74
26            </intent-filter>
27        </activity>
28
29        <receiver android:name="com.example.widgethomescreen.RandomNumberWidget" >
29-->src\main\AndroidManifest.xml:20:9-28:20
29-->src\main\AndroidManifest.xml:20:19-53
30            <intent-filter>
30-->src\main\AndroidManifest.xml:21:13-23:29
31                <action android:name="android.appwidget.action.APPWIDGET_UPDATE" />
31-->src\main\AndroidManifest.xml:22:17-84
31-->src\main\AndroidManifest.xml:22:25-81
32            </intent-filter>
33
34            <meta-data
34-->src\main\AndroidManifest.xml:25:13-27:69
35                android:name="android.appwidget.provider"
35-->src\main\AndroidManifest.xml:26:17-58
36                android:resource="@xml/random_number_widget_info" />
36-->src\main\AndroidManifest.xml:27:17-66
37        </receiver>
38
39        <service
39-->src\main\AndroidManifest.xml:29:9-32:71
40            android:name="com.example.widgethomescreen.UpdateWidgetService"
40-->src\main\AndroidManifest.xml:29:18-53
41            android:enabled="true"
41-->src\main\AndroidManifest.xml:30:13-35
42            android:exported="true"
42-->src\main\AndroidManifest.xml:31:13-36
43            android:permission="android.permission.BIND_JOB_SERVICE" />
43-->src\main\AndroidManifest.xml:32:13-69
44    </application>
45
46</manifest>